record point a = (8,16,10,15,12,16,18,13):
  proven-m gamma   = 0.86597136
  ell=1: gamma = 0.89247525
  ell=2: gamma = 0.87244865
  ell=3: gamma = 0.86597136
  ell=4: gamma = 0.86597136
  ell=5: gamma = 0.87902357
  envelope         = 0.89247525 (ell=1)
[bz] start=(41, 7, 9, 11, 13, 15, 17, 19) -> envelope gamma=45.36650493 <-- new best
[rand] start=(30, -6, 8, 12, 12, 18, 18, 22) -> envelope gamma=4.26841742
[rand] start=(21, 1, 1, 13, 15, 15, 17, 19) -> envelope gamma=22.17729109
[rand] start=(37, -11, 17, 19, 25, 25, 29, 29) -> envelope gamma=114.03376396 <-- new best
[rand] start=(37, 5, 9, 9, 17, 19, 29, 31) -> envelope gamma=34.31494145
[rand] start=(35, 3, 7, 13, 27, 33, 33, 35) -> envelope gamma=88.13996208
[rand] start=(14, -2, 4, 4, 8, 8, 10, 10) -> envelope gamma=41.71576545
[rand] start=(45, 13, 15, 17, 17, 33, 35, 37) -> envelope gamma=50.26353660
[rand] start=(9, 1, 1, 3, 3, 5, 5, 9) -> envelope gamma=1.45111048
[rand] start=(10, 0, 4, 4, 4, 6, 6, 10) -> envelope gamma=3.43433066
[rand] start=(40, 0, 2, 6, 16, 30, 32, 36) -> envelope gamma=15.02255751
[rand] start=(36, -2, 12, 14, 16, 30, 34, 34) -> envelope gamma=30.98634918
[rand] start=(43, -5, 7, 21, 21, 23, 37, 43) -> envelope gamma=17.38398209
[rand] start=(20, 4, 4, 6, 8, 14, 18, 20) -> envelope gamma=14.33784185
[rand] start=(44, -12, 18, 20, 22, 34, 38, 40) -> envelope gamma=603.49910027 <-- new best
[rand] start=(42, -8, 8, 12, 20, 20, 22, 30) -> envelope gamma=1.12494600
[rand] start=(21, 1, 3, 7, 9, 11, 11, 21) -> envelope gamma=0.98242603
[rand] start=(19, 5, 11, 13, 13, 15, 17, 19) -> envelope gamma=4.72994897
[rand] start=(21, 1, 11, 13, 15, 17, 19, 19) -> envelope gamma=40.98537318
[rand] start=(15, 1, 5, 5, 5, 7, 9, 9) -> envelope gamma=41.71576545
[rand] start=(43, -9, 13, 25, 27, 27, 29, 41) -> envelope gamma=1.00035240
[rand] start=(17, 3, 5, 5, 9, 11, 13, 17) -> envelope gamma=7.92044636
[rand] start=(38, -2, 10, 14, 22, 24, 28, 38) -> envelope gamma=17.62870211
[rand] start=(40, -4, 12, 14, 16, 34, 36, 38) -> envelope gamma=603.49910027
[rand] start=(30, 2, 6, 8, 14, 18, 24, 26) -> envelope gamma=1.11611459
[rand] start=(22, 2, 4, 10, 12, 18, 18, 20) -> envelope gamma=41.62432639
[rand] start=(35, -3, 5, 5, 21, 23, 25, 35) -> envelope gamma=5.89065282
[rand] start=(21, -1, 5, 5, 9, 15, 19, 19) -> envelope gamma=14.33784185
[rand] start=(14, 0, 2, 6, 6, 8, 12, 14) -> envelope gamma=4.54921399
[rand] start=(34, 16, 18, 18, 24, 26, 30, 34) -> envelope gamma=17.80135473
[rand] start=(34, -8, 14, 14, 16, 20, 22, 30) -> envelope gamma=1144.02678029 <-- new best
[rand] start=(32, 2, 8, 8, 12, 26, 28, 32) -> envelope gamma=12.59526724
[rand] start=(40, -2, 6, 26, 30, 32, 36, 36) -> envelope gamma=1.13011577
[rand] start=(16, 0, 4, 6, 6, 12, 12, 16) -> envelope gamma=12.42531910
[rand] start=(16, -2, 4, 6, 6, 8, 10, 16) -> envelope gamma=7.92044636
[rand] start=(6, 0, 2, 2, 2, 2, 2, 2) -> envelope gamma=1.49635750
[rand] start=(14, 6, 8, 10, 12, 12, 12, 12) -> envelope gamma=21.60184315
[rand] start=(10, 2, 2, 4, 6, 8, 8, 8) -> envelope gamma=1.45111048
[rand] start=(36, 4, 6, 14, 14, 18, 20, 36) -> envelope gamma=15.76217254
[rand] start=(35, -3, 5, 7, 11, 15, 21, 33) -> envelope gamma=1.12837184
[rand] start=(34, 0, 4, 6, 8, 16, 28, 32) -> envelope gamma=10.37812469

sup envelope gamma (this search) = 1144.02678029 at t=(30, 12, 18, 20, 22, 24, 26, 30)
a = [15, 6, 19, 5, 21, 25, 28, 22]
