==========================================================================================
FINDING 1 — where do the violations live?  per-prime excess (req - (dprod - nu_all))
==========================================================================================
  a=[3, 1, 3, 2, 2, 1, 1, 2] [integer s]  EXCESS {2: 2}  denP=192 m=[3, 3, 3, 3, 3]
  a=[2, 2, 3, 2, 4, 2, 1, 3] [half-odd s]  EXCESS {2: 1}  denP=7776 m=[4, 4, 4, 3, 3]
  a=[3, 2, 2, 2, 2, 2, 2, 3] [integer s]  EXCESS {2: 1}  denP=5184 m=[4, 4, 4, 3, 3]
  a=[4, 1, 3, 2, 3, 2, 4, 1] [integer s]  EXCESS {2: 2}  denP=331776 m=[4, 4, 4, 4, 4]
  a=[1, 4, 1, 4, 3, 3, 3, 1] [half-odd s]  EXCESS {2: 1}  denP=82944 m=[5, 4, 4, 4, 4]
  a=[2, 3, 3, 4, 2, 2, 2, 2] [integer s]  EXCESS {2: 1}  denP=414720 m=[5, 4, 4, 4, 4]
  a=[2, 4, 1, 4, 3, 3, 1, 3] [half-odd s]  EXCESS {2: 1}  denP=207360 m=[5, 4, 4, 4, 4]
  a=[4, 3, 4, 2, 4, 1, 1, 4] [half-odd s]  EXCESS {2: 1}  denP=34560 m=[5, 5, 4, 4, 4]
  a=[2, 3, 2, 2, 1, 2, 1, 3] [half-odd s]  EXCESS {2: 1}  denP=5184 m=[4, 3, 3, 3, 3]
  a=[3, 1, 2, 1, 1, 2, 2, 1] [integer s]  EXCESS {2: 2}  denP=768 m=[4, 3, 3, 3, 3]
  violations: 5/11 among half-odd-s points, 5/9 among integer-s points

==========================================================================================
FINDING 2 — consistent-ell sets and their structure
==========================================================================================
  a=[3, 1, 3, 2, 2, 1, 1, 2]  h'top5=[3, 3, 3, 3, 3] h''top5=[3, 2, 2, 2]  consistent=[]
  a=[2, 1, 2, 2, 1, 3, 3, 2]  h'top5=[3, 3, 3, 3, 3] h''top5=[2, 2, 2, 1]  consistent=['proven', '3', '4', '5']
  a=[2, 2, 3, 2, 4, 2, 1, 3]  h'top5=[4, 4, 4, 3, 3] h''top5=[3, 3, 3, 2]  consistent=['proven', '2', '3', '4', '5']
  a=[2, 2, 3, 3, 3, 2, 2, 2]  h'top5=[4, 3, 3, 3, 3] h''top5=[4, 3, 3, 3]  consistent=['proven', '1', '2', '3', '4', '5']
  a=[3, 2, 2, 2, 2, 2, 2, 3]  h'top5=[4, 4, 4, 3, 3] h''top5=[3, 2, 2, 2]  consistent=['proven', '3', '4', '5']
  a=[4, 1, 3, 2, 3, 2, 4, 1]  h'top5=[4, 4, 4, 4, 4] h''top5=[3, 2, 1, 1]  consistent=[]
  a=[2, 2, 3, 3, 3, 3, 4, 2]  h'top5=[4, 4, 4, 4, 4] h''top5=[4, 3, 3, 2]  consistent=['proven', '3', '4', '5']
  a=[1, 4, 1, 4, 3, 3, 3, 1]  h'top5=[5, 3, 3, 3, 3] h''top5=[4, 4, 4, 4]  consistent=['proven', '1']
  a=[2, 3, 3, 4, 2, 2, 2, 2]  h'top5=[3, 3, 3, 3, 3] h''top5=[5, 4, 4, 4]  consistent=['proven']
  a=[2, 2, 2, 3, 1, 4, 4, 3]  h'top5=[5, 4, 4, 4, 4] h''top5=[3, 3, 3, 2]  consistent=['proven', '1', '2', '3', '4', '5']
  a=[2, 4, 1, 4, 3, 3, 1, 3]  h'top5=[5, 4, 4, 3, 3] h''top5=[4, 4, 4, 4]  consistent=['proven', '1', '2', '3', '4']
  a=[4, 3, 4, 2, 4, 1, 1, 4]  h'top5=[5, 4, 4, 4, 4] h''top5=[5, 3, 3, 3]  consistent=['proven', '2', '3', '4']
  a=[4, 3, 4, 4, 3, 2, 4, 2]  h'top5=[5, 4, 4, 4, 4] h''top5=[5, 4, 4, 4]  consistent=['proven', '1', '2', '3', '4']
  a=[1, 4, 3, 4, 4, 4, 4, 3]  h'top5=[5, 4, 4, 4, 4] h''top5=[6, 4, 4, 4]  consistent=['proven', '1', '2', '3', '4', '5']
  a=[1, 1, 2, 1, 1, 3, 3, 3]  h'top5=[4, 3, 3, 3, 3] h''top5=[2, 2, 1, 1]  consistent=['proven', '4', '5']
  a=[4, 4, 3, 3, 3, 2, 3, 2]  h'top5=[5, 5, 4, 4, 4] h''top5=[5, 4, 4, 4]  consistent=['proven', '2', '3', '4']
  a=[4, 4, 4, 3, 4, 1, 2, 3]  h'top5=[5, 4, 4, 4, 4] h''top5=[5, 5, 4, 4]  consistent=['proven', '1', '2', '3']
  a=[2, 3, 2, 2, 1, 2, 1, 3]  h'top5=[3, 3, 3, 2, 2] h''top5=[4, 3, 3, 3]  consistent=['proven', '1', '2', '3']
  a=[3, 1, 2, 1, 1, 2, 2, 1]  h'top5=[4, 3, 3, 3, 3] h''top5=[2, 2, 2, 1]  consistent=[]

==========================================================================================
FINDING 3 — slack decomposition (proven selection)
==========================================================================================
point                     p: slack_restricted -> slack_all (after extending nu to all primes)
  a=[3, 1, 3, 2, 2, 1, 1, 2]: 2: -2->-2  3: +3->+3
  a=[2, 1, 2, 2, 1, 3, 3, 2]: 2: +2->+2  3: +2->+2
  a=[2, 2, 3, 2, 4, 2, 1, 3]: 2: +3->-1
  a=[2, 2, 3, 3, 3, 2, 2, 2]: 2: +4->+1
  a=[3, 2, 2, 2, 2, 2, 2, 3]: 2: +2->-1  3: +1->+1
  a=[4, 1, 3, 2, 3, 2, 4, 1]: 2: -2->-2  3: +1->+1
  a=[2, 2, 3, 3, 3, 3, 4, 2]: 2: +1->+0  3: +1->+1
  a=[1, 4, 1, 4, 3, 3, 3, 1]: 2: +0->-1  5: +1->+1
  a=[2, 3, 3, 4, 2, 2, 2, 2]: 2: +0->-1
  a=[2, 2, 2, 3, 1, 4, 4, 3]: 2: +4->+1  3: +1->+1
  a=[2, 4, 1, 4, 3, 3, 1, 3]: 2: +1->-1
  a=[4, 3, 4, 2, 4, 1, 1, 4]: 2: +2->-1  3: +1->+1
  a=[4, 3, 4, 4, 3, 2, 4, 2]: 2: +8->+6  3: +1->+1
  a=[1, 4, 3, 4, 4, 4, 4, 3]: 2: +4->+1  3: +1->+1  5: +1->+1
  a=[1, 1, 2, 1, 1, 3, 3, 3]: 2: +2->+0  3: +1->+1
  a=[4, 4, 3, 3, 3, 2, 3, 2]: 2: +2->+0
  a=[4, 4, 4, 3, 4, 1, 2, 3]: 2: +4->+0
  a=[2, 3, 2, 2, 1, 2, 1, 3]: 2: +0->-1
  a=[3, 1, 2, 1, 1, 2, 2, 1]: 2: -2->-2  3: +2->+2
  a=[1, 1, 1, 1, 1, 1, 1, 1]: 

  total positive slack by prime, restricted nu: {2: 39, 3: 15, 5: 2}
  total positive slack by prime, all-primes nu:  {2: 11, 3: 15, 5: 2}
