[1/120] start=(30, 4, 8, 14, 18, 18, 26, 28) -> gamma=0.86060141  <-- new best
[2/120] start=(15, -1, 3, 7, 11, 11, 13, 13) -> gamma=0.85291013
[3/120] start=(38, 6, 10, 18, 20, 32, 32, 38) -> gamma=0.85432268
[4/120] start=(27, 3, 3, 5, 11, 15, 21, 23) -> gamma=0.85589163
[5/120] start=(23, 1, 7, 7, 15, 17, 19, 23) -> gamma=0.85519062
[6/120] start=(29, -7, 11, 13, 19, 25, 27, 29) -> gamma=0.81751579
[7/120] start=(29, -3, 5, 7, 7, 15, 25, 27) -> gamma=0.81297131
[8/120] start=(34, -2, 10, 10, 14, 20, 20, 28) -> gamma=0.86301769  <-- new best
[9/120] start=(15, 1, 3, 5, 5, 7, 11, 13) -> gamma=0.84625382
[10/120] start=(12, 2, 2, 4, 6, 8, 10, 12) -> gamma=0.83153080
[11/120] start=(28, 10, 10, 10, 14, 18, 18, 20) -> gamma=0.85945191
[12/120] start=(24, -4, 6, 8, 12, 18, 18, 24) -> gamma=0.73379968
[13/120] start=(26, -2, 4, 4, 12, 14, 20, 26) -> gamma=0.75362636
[14/120] start=(34, -2, 10, 14, 14, 14, 16, 18) -> gamma=0.84765227
[15/120] start=(21, -1, 11, 11, 13, 13, 17, 21) -> gamma=0.85350906
[16/120] start=(36, 4, 10, 10, 16, 20, 22, 24) -> gamma=0.86093984
[17/120] start=(12, 0, 4, 6, 6, 8, 8, 10) -> gamma=0.84424604
[18/120] start=(37, 1, 3, 13, 23, 25, 27, 31) -> gamma=0.85425693
[19/120] start=(27, 1, 5, 13, 17, 21, 25, 25) -> gamma=0.86521684  <-- new best
[20/120] start=(38, 6, 8, 18, 20, 26, 30, 32) -> gamma=0.85796605
[21/120] start=(15, 1, 3, 3, 3, 5, 9, 9) -> gamma=0.83425343
[22/120] start=(27, 1, 3, 7, 11, 17, 19, 19) -> gamma=0.85350906
[23/120] start=(38, 4, 16, 18, 26, 28, 30, 36) -> gamma=0.86444866
[24/120] start=(45, -13, 19, 23, 29, 39, 41, 43) -> gamma=0.84938193
[25/120] start=(19, 1, 1, 5, 7, 11, 13, 13) -> gamma=0.85157211
[26/120] start=(21, 5, 5, 9, 13, 15, 19, 21) -> gamma=0.85065154
[27/120] start=(41, 11, 19, 23, 29, 37, 37, 41) -> gamma=0.86022678
[28/120] start=(38, 2, 6, 10, 14, 16, 24, 38) -> gamma=0.82342424
[29/120] start=(36, 4, 10, 16, 18, 20, 28, 30) -> gamma=0.82598911
[30/120] start=(35, 1, 9, 17, 19, 19, 19, 27) -> gamma=0.85523201
[31/120] start=(26, -6, 8, 8, 8, 8, 8, 10) -> gamma=0.82677116
[32/120] start=(24, 4, 8, 10, 14, 16, 16, 24) -> gamma=0.84065826
[33/120] start=(38, 8, 10, 12, 18, 24, 30, 34) -> gamma=0.85444839
[34/120] start=(8, 0, 2, 2, 2, 4, 6, 8) -> gamma=0.81173914
[35/120] start=(39, 17, 21, 21, 31, 31, 37, 39) -> gamma=0.85395580
[36/120] start=(42, -4, 6, 8, 20, 22, 34, 38) -> gamma=0.81444000
[37/120] start=(13, -1, 3, 3, 5, 5, 9, 11) -> gamma=0.83425343
[38/120] start=(31, 7, 9, 9, 13, 17, 19, 25) -> gamma=0.85519062
[39/120] start=(39, -9, 13, 13, 25, 25, 35, 35) -> gamma=0.85277438
[40/120] start=(38, -2, 6, 22, 30, 30, 34, 34) -> gamma=0.85887752
[41/120] start=(44, 2, 8, 10, 18, 22, 38, 42) -> gamma=0.85727481
[42/120] start=(37, 9, 13, 25, 33, 35, 35, 37) -> gamma=0.86140134
[43/120] start=(16, -2, 4, 6, 10, 14, 14, 14) -> gamma=0.84428889
[44/120] start=(20, 6, 10, 10, 14, 16, 18, 20) -> gamma=0.85945191
[45/120] start=(40, -4, 10, 12, 12, 14, 20, 30) -> gamma=0.86172257
[46/120] start=(32, 0, 6, 14, 16, 18, 20, 32) -> gamma=0.81490799
[47/120] start=(45, 7, 9, 9, 17, 31, 31, 35) -> gamma=0.85142914
[48/120] start=(18, 0, 0, 8, 8, 8, 12, 16) -> gamma=0.81148458
[49/120] start=(16, 0, 2, 4, 10, 12, 14, 16) -> gamma=0.81148458
[50/120] start=(39, 9, 17, 21, 25, 27, 37, 37) -> gamma=0.84893446
[51/120] start=(41, 7, 9, 11, 15, 17, 35, 37) -> gamma=0.85128730
[52/120] start=(37, 15, 25, 25, 27, 31, 31, 37) -> gamma=0.85931421
[53/120] start=(33, -11, 11, 13, 13, 17, 27, 31) -> gamma=0.81662153
[54/120] start=(31, -1, 3, 5, 7, 13, 25, 27) -> gamma=0.81297131
[55/120] start=(14, 0, 2, 2, 4, 4, 10, 10) -> gamma=0.82906080
[56/120] start=(36, -2, 4, 6, 12, 20, 22, 28) -> gamma=0.86301769
[57/120] start=(13, 1, 1, 7, 7, 9, 9, 13) -> gamma=0.84625382
[58/120] start=(16, -4, 8, 10, 12, 12, 14, 16) -> gamma=0.85444839
[59/120] start=(13, -1, 3, 7, 9, 11, 11, 13) -> gamma=0.79580923
[60/120] start=(40, -6, 16, 18, 20, 22, 36, 38) -> gamma=0.80075662
[61/120] start=(15, 1, 1, 5, 9, 9, 11, 11) -> gamma=0.83403627
[62/120] start=(31, -5, 11, 15, 19, 21, 23, 29) -> gamma=0.85382468
[63/120] start=(35, 13, 17, 21, 27, 27, 29, 35) -> gamma=0.84984584
[64/120] start=(16, 2, 2, 4, 8, 10, 14, 16) -> gamma=0.84625382
[65/120] start=(18, -4, 6, 8, 12, 14, 16, 16) -> gamma=0.86165242
[66/120] start=(41, 11, 17, 21, 23, 25, 33, 39) -> gamma=0.85482705
[67/120] start=(22, 0, 4, 6, 12, 12, 14, 16) -> gamma=0.85444839
[68/120] start=(33, 3, 5, 11, 19, 21, 25, 33) -> gamma=0.81737454
[69/120] start=(35, 3, 5, 7, 11, 15, 21, 25) -> gamma=0.80790294
[70/120] start=(27, 3, 3, 5, 7, 13, 25, 25) -> gamma=0.86259224
[71/120] start=(13, 1, 3, 5, 5, 7, 9, 13) -> gamma=0.84625382
[72/120] start=(18, -4, 6, 8, 8, 10, 16, 16) -> gamma=0.83311612
[73/120] start=(30, -6, 8, 8, 12, 16, 20, 30) -> gamma=0.81371866
[74/120] start=(41, 1, 9, 11, 15, 17, 23, 27) -> gamma=0.85339324
[75/120] start=(9, 1, 3, 5, 5, 5, 5, 5) -> gamma=0.79069053
[76/120] start=(45, 11, 15, 21, 31, 33, 39, 43) -> gamma=0.85535439
[77/120] start=(39, 5, 7, 9, 15, 17, 27, 31) -> gamma=0.80969549
[78/120] start=(30, -2, 6, 14, 18, 20, 28, 30) -> gamma=0.73407234
[79/120] start=(40, -4, 4, 8, 16, 18, 32, 38) -> gamma=0.82342424
[80/120] start=(15, 3, 3, 7, 7, 9, 13, 15) -> gamma=0.85291013
[81/120] start=(10, 2, 2, 2, 4, 4, 4, 10) -> gamma=0.81373814
[82/120] start=(40, 4, 8, 12, 16, 18, 28, 40) -> gamma=0.85477966
[83/120] start=(45, 1, 3, 3, 33, 35, 39, 45) -> gamma=0.82146089
[84/120] start=(19, 3, 5, 7, 9, 11, 15, 17) -> gamma=0.85157211
[85/120] start=(39, -11, 15, 23, 23, 27, 31, 39) -> gamma=0.76516425
[86/120] start=(23, 7, 7, 9, 9, 13, 13, 15) -> gamma=0.84377396
[87/120] start=(38, 14, 16, 18, 20, 26, 32, 36) -> gamma=0.85549706
[88/120] start=(21, 1, 1, 3, 5, 9, 13, 21) -> gamma=0.72975092
[89/120] start=(26, 4, 8, 12, 14, 18, 22, 26) -> gamma=0.86046457
[90/120] start=(25, 5, 9, 13, 13, 19, 21, 25) -> gamma=0.86259224
[91/120] start=(14, -2, 4, 6, 8, 8, 10, 12) -> gamma=0.84114452
[92/120] start=(24, -4, 4, 6, 6, 8, 14, 16) -> gamma=0.78661648
[93/120] start=(29, 1, 11, 15, 19, 21, 23, 27) -> gamma=0.85454081
[94/120] start=(41, -1, 3, 5, 7, 13, 15, 15) -> gamma=0.86373527
[95/120] start=(25, -7, 15, 15, 17, 19, 19, 21) -> gamma=0.84694279
[96/120] start=(11, -1, 3, 3, 7, 7, 9, 11) -> gamma=0.81006786
[97/120] start=(36, 0, 8, 20, 22, 26, 28, 32) -> gamma=0.85299245
[98/120] start=(45, 1, 11, 15, 21, 33, 39, 43) -> gamma=0.83406145
[99/120] start=(33, -3, 13, 13, 17, 19, 25, 33) -> gamma=0.85308844
[100/120] start=(37, 11, 17, 17, 19, 21, 31, 37) -> gamma=0.85128730
[101/120] start=(18, -4, 12, 14, 16, 16, 16, 16) -> gamma=0.85202537
[102/120] start=(33, 7, 11, 19, 21, 23, 29, 31) -> gamma=0.85558353
[103/120] start=(34, 0, 2, 6, 8, 18, 20, 24) -> gamma=0.85589163
[104/120] start=(35, 1, 1, 3, 21, 23, 25, 25) -> gamma=0.85466422
[105/120] start=(21, 9, 11, 15, 17, 17, 17, 21) -> gamma=0.83779361
[106/120] start=(24, 0, 4, 4, 10, 16, 22, 24) -> gamma=0.75085032
[107/120] start=(32, 4, 6, 8, 8, 18, 26, 30) -> gamma=0.85284396
[108/120] start=(42, -8, 10, 12, 20, 26, 32, 36) -> gamma=0.84652976
[109/120] start=(40, -2, 8, 16, 18, 24, 24, 32) -> gamma=0.85620810
[110/120] start=(27, -1, 3, 13, 17, 21, 23, 25) -> gamma=0.86521684
[111/120] start=(33, 1, 3, 11, 25, 29, 31, 33) -> gamma=0.75987204
[112/120] start=(11, 1, 5, 7, 7, 9, 9, 11) -> gamma=0.84424604
[113/120] start=(25, 1, 7, 15, 15, 21, 21, 25) -> gamma=0.86300098
[114/120] start=(43, -5, 11, 11, 15, 21, 39, 41) -> gamma=0.84833202
[115/120] start=(40, 2, 4, 20, 24, 26, 32, 34) -> gamma=0.84676160
[116/120] start=(36, 4, 16, 18, 26, 28, 30, 34) -> gamma=0.86444866
[117/120] start=(43, 13, 17, 17, 19, 33, 37, 43) -> gamma=0.85669997
[118/120] start=(34, -2, 6, 10, 26, 26, 28, 30) -> gamma=0.85682595
[119/120] start=(17, 1, 1, 5, 5, 7, 9, 13) -> gamma=0.84625382
[120/120] start=(38, -6, 18, 18, 20, 20, 22, 22) -> gamma=0.86039354
best of 120 starts: t=(57, 9, 11, 15, 17, 21, 23, 27)  gamma=0.86521684
